<?xml version="1.0" encoding="UTF-8" ?>
<testsuite failures="0" time="0" errors="0" skipped="0" tests="9" name="com.hdfc.loan.CalculatorServiceTest">
  <properties>
[...]
</properties>
  <testcase time="0" classname="com.hdfc.loan.CalculatorServiceTest" name="testSum"/>
  <testcase time="0" classname="com.hdfc.loan.CalculatorServiceTest" name="testTwoNegativeSum"/>
  <testcase time="0" classname="com.hdfc.loan.CalculatorServiceTest" name="testDiff"/>
  <testcase time="0" classname="com.hdfc.loan.CalculatorServiceTest" name="testNegativeSum"/>
  <testcase time="0" classname="com.hdfc.loan.CalculatorServiceTest" name="testTwoNegativeDiff"/>
  <testcase time="0" classname="com.hdfc.loan.CalculatorServiceTest" name="testDivide"/>
  <testcase time="0" classname="com.hdfc.loan.CalculatorServiceTest" name="testMultiply"/>
  <testcase time="0" classname="com.hdfc.loan.CalculatorServiceTest" name="testNegativeDiff"/>
  <testcase time="0" classname="com.hdfc.loan.CalculatorServiceTest" name="testBigNumber"/>
</testsuite>